Array
(
    [date] => 2018-07-28
    [g_date] => 26-02-2019 10:31:12
    [g_url] => http://batumiguide.ge/ge/events?date=2018-07-28
    [g_ip] => 66.249.64.137
)
Array
(
    [date] => 2018-07-28
    [g_date] => 26-02-2019 12:13:58
    [g_url] => http://batumiguide.ge/ge/events?date=2018-07-28
    [g_ip] => 94.240.245.46
)
Array
(
    [date] => 2018-07-28
    [g_date] => 26-02-2019 12:13:59
    [g_url] => http://batumiguide.ge/ge/events?date=2018-07-28
    [g_ip] => 94.240.245.46
)
Array
(
    [page] => 23
    [g_date] => 26-02-2019 12:32:51
    [g_url] => http://batumiguide.ge/tr/events?page=23
    [g_ip] => 66.249.64.142
)
Array
(
    [page] => 23
    [g_date] => 26-02-2019 12:33:24
    [g_url] => http://batumiguide.ge/tr/events?page=23
    [g_ip] => 66.249.64.139
)
Array
(
    [date] => 2018-04-03
    [g_date] => 26-02-2019 12:54:55
    [g_url] => http://batumiguide.ge/ru/events?date=2018-04-03
    [g_ip] => 66.249.64.139
)
Array
(
    [page] => 36
    [g_date] => 26-02-2019 02:20:27
    [g_url] => http://batumiguide.ge/ge/events?page=36
    [g_ip] => 157.55.39.191
)
Array
(
    [c] => 3
    [a] => 
    [q] => 
    [g_date] => 26-02-2019 02:38:16
    [g_url] => http://batumiguide.ge/ge/map?c=3&a=&q=
    [g_ip] => 5.178.226.226
)
Array
(
    [ajax] => true
    [g_date] => 26-02-2019 02:38:16
    [g_url] => http://batumiguide.ge/ge/?ajax=true
    [g_ip] => 5.178.226.226
)
Array
(
    [page] => 30
    [g_date] => 26-02-2019 02:55:17
    [g_url] => http://batumiguide.ge/ge/events?page=30
    [g_ip] => 66.249.64.137
)
Array
(
    [page] => 12
    [g_date] => 26-02-2019 03:15:36
    [g_url] => http://batumiguide.ge/ge/events?page=12
    [g_ip] => 66.249.64.137
)
Array
(
    [page] => 22
    [g_date] => 26-02-2019 03:23:55
    [g_url] => http://batumiguide.ge/ge/events?page=22
    [g_ip] => 77.88.47.98
)
Array
(
    [page] => 22
    [g_date] => 26-02-2019 03:51:21
    [g_url] => http://batumiguide.ge/en/events?page=22
    [g_ip] => 66.249.64.139
)
Array
(
    [page] => 9
    [g_date] => 26-02-2019 04:46:05
    [g_url] => http://batumiguide.ge/ge/events?page=9
    [g_ip] => 40.77.167.118
)
Array
(
    [date] => 2018-04-08
    [g_date] => 26-02-2019 04:49:12
    [g_url] => http://batumiguide.ge/ru/events?date=2018-04-08
    [g_ip] => 66.249.64.139
)
Array
(
    [page] => 14
    [g_date] => 26-02-2019 05:22:06
    [g_url] => http://batumiguide.ge/ge/events?page=14
    [g_ip] => 157.55.39.191
)
Array
(
    [date] => 2018-05-25
    [g_date] => 26-02-2019 05:56:37
    [g_url] => http://batumiguide.ge/ge/events?date=2018-05-25
    [g_ip] => 66.249.64.146
)
Array
(
    [date] => 2018-05-25
    [g_date] => 26-02-2019 05:57:07
    [g_url] => http://batumiguide.ge/ge/events?date=2018-05-25
    [g_ip] => 66.249.64.137
)
Array
(
    [date] => 2018-08-21
    [g_date] => 26-02-2019 06:24:06
    [g_url] => http://batumiguide.ge/ge/events?date=2018-08-21
    [g_ip] => 66.249.64.144
)
Array
(
    [date] => 2018-08-21
    [g_date] => 26-02-2019 06:24:28
    [g_url] => http://batumiguide.ge/ge/events?date=2018-08-21
    [g_ip] => 66.249.64.137
)
Array
(
    [date] => 2018-04-03
    [g_date] => 26-02-2019 07:01:33
    [g_url] => http://batumiguide.ge/ru/events?date=2018-04-03
    [g_ip] => 66.249.64.139
)
Array
(
    [date] => 2018-08-05
    [g_date] => 26-02-2019 09:59:57
    [g_url] => http://batumiguide.ge/en/events?date=2018-08-05
    [g_ip] => 66.249.64.142
)
Array
(
    [date] => 2018-08-05
    [g_date] => 26-02-2019 10:00:19
    [g_url] => http://batumiguide.ge/en/events?date=2018-08-05
    [g_ip] => 66.249.64.137
)
Array
(
    [page] => 16
    [g_date] => 26-02-2019 10:38:23
    [g_url] => http://batumiguide.ge/ge/events?page=16
    [g_ip] => 207.46.13.86
)
Array
(
    [page] => 23
    [g_date] => 27-02-2019 12:49:23
    [g_url] => http://batumiguide.ge/ge/events?page=23
    [g_ip] => 77.88.47.15
)
Array
(
    [page] => 4
    [g_date] => 27-02-2019 12:59:12
    [g_url] => http://batumiguide.ge/ge/events?page=4
    [g_ip] => 93.158.161.175
)
Array
(
    [page] => 6
    [g_date] => 27-02-2019 01:02:16
    [g_url] => http://batumiguide.ge/ge/events?page=6
    [g_ip] => 77.88.47.98
)
Array
(
    [page] => 27
    [g_date] => 27-02-2019 01:06:33
    [g_url] => http://batumiguide.ge/ge/events?page=27
    [g_ip] => 207.46.13.19
)
Array
(
    [page] => 11
    [g_date] => 27-02-2019 05:05:05
    [g_url] => http://batumiguide.ge/ge/events?page=11
    [g_ip] => 207.46.13.88
)
Array
(
    [page] => 2
    [g_date] => 27-02-2019 05:10:46
    [g_url] => http://batumiguide.ge/ge/events?page=2
    [g_ip] => 207.46.13.88
)
Array
(
    [page] => 10
    [g_date] => 27-02-2019 06:33:16
    [g_url] => http://batumiguide.ge/ge/events?page=10
    [g_ip] => 157.55.39.73
)
Array
(
    [page] => 30
    [g_date] => 27-02-2019 11:24:22
    [g_url] => http://batumiguide.ge/ge/events?page=30
    [g_ip] => 93.158.166.144
)
Array
(
    [page] => 12
    [g_date] => 27-02-2019 12:03:00
    [g_url] => http://batumiguide.ge/ge/events?page=12
    [g_ip] => 100.43.90.127
)
Array
(
    [date] => 2019-01-01
    [g_date] => 27-02-2019 12:42:31
    [g_url] => http://batumiguide.ge/ru/events?date=2019-01-01
    [g_ip] => 66.249.64.144
)
Array
(
    [date] => 2019-01-01
    [g_date] => 27-02-2019 12:43:04
    [g_url] => http://batumiguide.ge/ru/events?date=2019-01-01
    [g_ip] => 66.249.64.137
)
Array
(
    [date] => 2018-05-13
    [g_date] => 27-02-2019 12:45:24
    [g_url] => http://batumiguide.ge/ru/events?date=2018-05-13
    [g_ip] => 66.249.64.142
)
Array
(
    [date] => 2018-05-13
    [g_date] => 27-02-2019 12:45:55
    [g_url] => http://batumiguide.ge/ru/events?date=2018-05-13
    [g_ip] => 66.249.64.139
)
